Wed Apr 27 13:52:57 CEST 2022|Connection error SQLSTATE[HY000] [1045] Access denied for user 'unn_w19020174'@'localhost' (using password: YES)
Wed Apr 27 14:01:37 CEST 2022|Connection error SQLSTATE[HY000] [1045] Access denied for user 'unn_w19020174'@'localhost' (using password: YES)
Wed Apr 27 15:02:03 CEST 2022|Connection error SQLSTATE[HY000] [1045] Access denied for user 'unn_w19020174'@'localhost' (using password: YES)
Wed Apr 27 15:02:03 CEST 2022|Connection error SQLSTATE[HY000] [1045] Access denied for user 'unn_w19020174'@'localhost' (using password: YES)
Wed Apr 27 15:02:09 CEST 2022|Connection error SQLSTATE[HY000] [1045] Access denied for user 'unn_w19020174'@'localhost' (using password: YES)
Wed Apr 27 15:03:20 CEST 2022|Connection error SQLSTATE[HY000] [1045] Access denied for user 'unn_w19020174'@'localhost' (using password: YES)
Wed Apr 27 15:03:41 CEST 2022|Connection error SQLSTATE[HY000] [1045] Access denied for user 'unn_w19020174'@'localhost' (using password: YES)
Wed Apr 27 15:03:43 CEST 2022|Connection error SQLSTATE[HY000] [1045] Access denied for user 'unn_w19020174'@'localhost' (using password: YES)
Wed Apr 27 15:06:30 CEST 2022|Connection error SQLSTATE[HY000] [1045] Access denied for user 'unn_w19020174'@'localhost' (using password: YES)
Wed Apr 27 15:06:30 CEST 2022|Connection error SQLSTATE[HY000] [1045] Access denied for user 'unn_w19020174'@'localhost' (using password: YES)
Wed Apr 27 15:06:35 CEST 2022|Connection error SQLSTATE[HY000] [1045] Access denied for user 'unn_w19020174'@'localhost' (using password: YES)
Wed Apr 27 15:06:36 CEST 2022|Connection error SQLSTATE[HY000] [1045] Access denied for user 'unn_w19020174'@'localhost' (using password: YES)
Wed Apr 27 15:06:36 CEST 2022|Connection error SQLSTATE[HY000] [1045] Access denied for user 'unn_w19020174'@'localhost' (using password: YES)
Wed Apr 27 15:06:37 CEST 2022|Connection error SQLSTATE[HY000] [1045] Access denied for user 'unn_w19020174'@'localhost' (using password: YES)
Wed Apr 27 15:06:53 CEST 2022|Connection error SQLSTATE[HY000] [1045] Access denied for user 'unn_w19020174'@'localhost' (using password: YES)
Wed Apr 27 15:06:54 CEST 2022|Connection error SQLSTATE[HY000] [1045] Access denied for user 'unn_w19020174'@'localhost' (using password: YES)
Wed Apr 27 15:06:54 CEST 2022|Connection error SQLSTATE[HY000] [1045] Access denied for user 'unn_w19020174'@'localhost' (using password: YES)
Wed Apr 27 15:09:35 CEST 2022|Connection error SQLSTATE[HY000] [1045] Access denied for user 'unn_w19020174'@'localhost' (using password: YES)
Wed Apr 27 15:09:35 CEST 2022|Connection error SQLSTATE[HY000] [1045] Access denied for user 'unn_w19020174'@'localhost' (using password: YES)
Wed Apr 27 15:09:36 CEST 2022|Connection error SQLSTATE[HY000] [1045] Access denied for user 'unn_w19020174'@'localhost' (using password: YES)
Wed Apr 27 15:09:36 CEST 2022|Connection error SQLSTATE[HY000] [1045] Access denied for user 'unn_w19020174'@'localhost' (using password: YES)
Wed Apr 27 15:09:36 CEST 2022|Connection error SQLSTATE[HY000] [1045] Access denied for user 'unn_w19020174'@'localhost' (using password: YES)
Wed Apr 27 15:09:40 CEST 2022|Connection error SQLSTATE[HY000] [1045] Access denied for user 'unn_w19020174'@'localhost' (using password: YES)
Wed Apr 27 15:10:05 CEST 2022|Connection error SQLSTATE[HY000] [1045] Access denied for user 'unn_w19020174'@'localhost' (using password: YES)
Wed Apr 27 15:10:05 CEST 2022|Connection error SQLSTATE[HY000] [1045] Access denied for user 'unn_w19020174'@'localhost' (using password: YES)
Wed Apr 27 15:10:07 CEST 2022|Connection error SQLSTATE[HY000] [1045] Access denied for user 'unn_w19020174'@'localhost' (using password: YES)
Wed Apr 27 15:10:08 CEST 2022|Connection error SQLSTATE[HY000] [1045] Access denied for user 'unn_w19020174'@'localhost' (using password: YES)
Wed Apr 27 15:10:08 CEST 2022|Connection error SQLSTATE[HY000] [1045] Access denied for user 'unn_w19020174'@'localhost' (using password: YES)
Wed Apr 27 15:10:09 CEST 2022|Connection error SQLSTATE[HY000] [1045] Access denied for user 'unn_w19020174'@'localhost' (using password: YES)
Wed Apr 27 15:10:11 CEST 2022|Connection error SQLSTATE[HY000] [1045] Access denied for user 'unn_w19020174'@'localhost' (using password: YES)
Wed Apr 27 15:10:11 CEST 2022|Connection error SQLSTATE[HY000] [1045] Access denied for user 'unn_w19020174'@'localhost' (using password: YES)
Wed Apr 27 15:10:11 CEST 2022|Connection error SQLSTATE[HY000] [1045] Access denied for user 'unn_w19020174'@'localhost' (using password: YES)
Wed Apr 27 15:12:05 CEST 2022|Connection error SQLSTATE[HY000] [1045] Access denied for user 'unn_w19020174'@'localhost' (using password: YES)
Wed Apr 27 15:12:05 CEST 2022|Connection error SQLSTATE[HY000] [1045] Access denied for user 'unn_w19020174'@'localhost' (using password: YES)
Wed Apr 27 15:12:06 CEST 2022|Connection error SQLSTATE[HY000] [1045] Access denied for user 'unn_w19020174'@'localhost' (using password: YES)
Wed Apr 27 15:12:06 CEST 2022|Connection error SQLSTATE[HY000] [1045] Access denied for user 'unn_w19020174'@'localhost' (using password: YES)
Wed Apr 27 15:12:06 CEST 2022|Connection error SQLSTATE[HY000] [1045] Access denied for user 'unn_w19020174'@'localhost' (using password: YES)
Wed Apr 27 15:12:06 CEST 2022|Connection error SQLSTATE[HY000] [1045] Access denied for user 'unn_w19020174'@'localhost' (using password: YES)
Wed Apr 27 15:17:33 CEST 2022|Trying to get property 'name' of non-object
Wed Apr 27 15:17:44 CEST 2022|Trying to get property 'name' of non-object
Wed Apr 27 15:17:56 CEST 2022|Trying to get property 'name' of non-object
Wed Apr 27 15:27:14 CEST 2022|Object of class stdClass could not be converted to string
Wed Apr 27 15:27:15 CEST 2022|Object of class stdClass could not be converted to string
Wed Apr 27 15:33:07 CEST 2022|include(header.php): failed to open stream: No such file or directory
Wed Apr 27 15:33:08 CEST 2022|include(header.php): failed to open stream: No such file or directory
Wed Apr 27 13:33:10 GMT 2022|include(header.php): failed to open stream: No such file or directory
Wed Apr 27 13:33:11 GMT 2022|include(header.php): failed to open stream: No such file or directory
Wed Apr 27 15:33:34 CEST 2022|include(header.php): failed to open stream: No such file or directory
Wed Apr 27 15:33:55 CEST 2022|Trying to get property 'name' of non-object
Wed Apr 27 15:34:06 CEST 2022|Trying to get property 'name' of non-object
Wed Apr 27 15:34:09 CEST 2022|Trying to get property 'name' of non-object
Wed Apr 27 15:36:20 CEST 2022|Undefined variable: conn
Wed Apr 27 15:36:21 CEST 2022|Undefined variable: conn
Wed Apr 27 15:36:29 CEST 2022|Undefined variable: conn
Wed Apr 27 15:36:29 CEST 2022|Undefined variable: conn
Wed Apr 27 15:36:30 CEST 2022|Undefined variable: conn
Wed Apr 27 15:36:30 CEST 2022|Undefined variable: conn
Wed Apr 27 15:36:30 CEST 2022|Undefined variable: conn
Wed Apr 27 15:36:30 CEST 2022|Undefined variable: conn
Wed Apr 27 15:36:30 CEST 2022|Undefined variable: conn
Wed Apr 27 15:36:31 CEST 2022|Undefined variable: conn
Wed Apr 27 15:38:16 CEST 2022|Undefined variable: conn
Wed Apr 27 15:38:17 CEST 2022|Undefined variable: conn
Wed Apr 27 15:38:17 CEST 2022|Undefined variable: conn
Wed Apr 27 15:38:17 CEST 2022|Undefined variable: conn
Wed Apr 27 15:38:17 CEST 2022|Undefined variable: conn
Wed Apr 27 15:38:25 CEST 2022|Undefined variable: conn
Wed Apr 27 15:38:26 CEST 2022|Undefined variable: conn
Wed Apr 27 15:38:26 CEST 2022|Undefined variable: conn
Wed Apr 27 15:38:34 CEST 2022|Undefined variable: conn
Wed Apr 27 15:38:34 CEST 2022|Undefined variable: conn
Wed Apr 27 15:38:34 CEST 2022|Undefined variable: conn
Wed Apr 27 15:38:34 CEST 2022|Undefined variable: conn
Wed Apr 27 15:41:40 CEST 2022|Trying to get property 'name' of non-object
Wed Apr 27 15:41:45 CEST 2022|Trying to get property 'name' of non-object
Wed Apr 27 16:15:08 CEST 2022|Trying to get property 'name' of non-object
Wed Apr 27 16:18:30 CEST 2022|Trying to get property 'name' of non-object
Wed Apr 27 16:25:12 CEST 2022|Undefined variable: conn
Wed Apr 27 16:25:16 CEST 2022|Undefined variable: conn
Wed Apr 27 16:36:59 CEST 2022|Undefined variable: product_name
Wed Apr 27 16:37:00 CEST 2022|Undefined variable: product_name
Wed Apr 27 16:37:06 CEST 2022|Undefined variable: product_name
Wed Apr 27 16:37:18 CEST 2022|Undefined variable: product_name
Wed Apr 27 16:37:26 CEST 2022|Undefined variable: product_name
Wed Apr 27 16:37:32 CEST 2022|Undefined variable: product_name
Wed Apr 27 17:35:17 CEST 2022|Trying to get property 'name' of non-object
Wed Apr 27 17:36:04 CEST 2022|Trying to get property 'name' of non-object
Wed Apr 27 17:38:39 CEST 2022|Trying to get property 'name' of non-object
Wed Apr 27 17:40:23 CEST 2022|Trying to get property 'name' of non-object
Wed Apr 27 17:41:45 CEST 2022|Trying to get property 'name' of non-object
Wed Apr 27 17:41:57 CEST 2022|Trying to get property 'name' of non-object
Wed Apr 27 17:51:45 CEST 2022|Trying to get property 'name' of non-object
Wed Apr 27 17:51:45 CEST 2022|Trying to get property 'name' of non-object
Wed Apr 27 17:57:13 CEST 2022|Trying to get property 'name' of non-object
Wed Apr 27 17:59:12 CEST 2022|Trying to get property 'name' of non-object
Wed Apr 27 17:59:57 CEST 2022|Trying to get property 'name' of non-object
Wed Apr 27 18:03:00 CEST 2022|Trying to get property 'name' of non-object
Wed Apr 27 18:09:10 CEST 2022|Trying to get property 'name' of non-object
Wed Apr 27 18:11:48 CEST 2022|Trying to get property 'name' of non-object
Wed Apr 27 18:13:06 CEST 2022|Trying to get property 'name' of non-object
Wed Apr 27 18:13:11 CEST 2022|Trying to get property 'name' of non-object
Wed Apr 27 18:13:50 CEST 2022|Trying to get property 'name' of non-object
Wed Apr 27 18:13:52 CEST 2022|Trying to get property 'name' of non-object
Wed Apr 27 18:13:52 CEST 2022|Trying to get property 'name' of non-object
Wed Apr 27 18:13:55 CEST 2022|Trying to get property 'name' of non-object
Wed Apr 27 18:13:55 CEST 2022|Trying to get property 'name' of non-object
Wed Apr 27 18:13:56 CEST 2022|Trying to get property 'name' of non-object
Wed Apr 27 18:13:56 CEST 2022|Trying to get property 'name' of non-object
Wed Apr 27 18:13:56 CEST 2022|Trying to get property 'name' of non-object
Wed Apr 27 18:13:56 CEST 2022|Trying to get property 'name' of non-object
Wed Apr 27 18:13:57 CEST 2022|Trying to get property 'name' of non-object
Wed Apr 27 18:13:57 CEST 2022|Trying to get property 'name' of non-object
Wed Apr 27 18:13:59 CEST 2022|Trying to get property 'name' of non-object
Wed Apr 27 18:14:03 CEST 2022|Trying to get property 'name' of non-object
Wed Apr 27 18:14:25 CEST 2022|Trying to get property 'name' of non-object
Wed Apr 27 18:14:44 CEST 2022|Trying to get property 'name' of non-object
Wed Apr 27 18:14:44 CEST 2022|Trying to get property 'name' of non-object
Wed Apr 27 18:14:45 CEST 2022|Trying to get property 'name' of non-object
Wed Apr 27 18:15:00 CEST 2022|Trying to get property 'name' of non-object
Wed Apr 27 18:15:00 CEST 2022|Trying to get property 'name' of non-object
Wed Apr 27 18:15:15 CEST 2022|Trying to get property 'name' of non-object
Wed Apr 27 18:15:15 CEST 2022|Trying to get property 'name' of non-object
Wed Apr 27 18:15:15 CEST 2022|Trying to get property 'name' of non-object
Wed Apr 27 18:15:15 CEST 2022|Trying to get property 'name' of non-object
Wed Apr 27 18:15:35 CEST 2022|Trying to get property 'name' of non-object
Wed Apr 27 18:17:37 CEST 2022|Trying to get property 'name' of non-object
Wed Apr 27 18:17:46 CEST 2022|Trying to get property 'name' of non-object
Wed Apr 27 18:17:49 CEST 2022|Trying to get property 'name' of non-object
Wed Apr 27 18:17:51 CEST 2022|Trying to get property 'name' of non-object
Wed Apr 27 18:18:08 CEST 2022|Trying to get property 'name' of non-object
Wed Apr 27 18:18:08 CEST 2022|Trying to get property 'name' of non-object
Wed Apr 27 18:18:43 CEST 2022|Trying to get property 'name' of non-object
Wed Apr 27 18:24:24 CEST 2022|Trying to get property 'name' of non-object
Wed Apr 27 18:24:27 CEST 2022|Trying to get property 'name' of non-object
Wed Apr 27 18:24:28 CEST 2022|Trying to get property 'name' of non-object
Wed Apr 27 18:24:29 CEST 2022|Trying to get property 'name' of non-object
Wed Apr 27 18:24:48 CEST 2022|Trying to get property 'name' of non-object
Wed Apr 27 18:33:25 CEST 2022|Trying to get property 'name' of non-object
Wed Apr 27 18:34:01 CEST 2022|Trying to get property 'name' of non-object
Wed Apr 27 18:34:13 CEST 2022|Trying to get property 'name' of non-object
Wed Apr 27 18:34:35 CEST 2022|Trying to get property 'name' of non-object
Wed Apr 27 18:35:42 CEST 2022|Trying to get property 'name' of non-object
Wed Apr 27 18:35:59 CEST 2022|Trying to get property 'name' of non-object
Wed Apr 27 18:43:26 CEST 2022|Trying to get property 'name' of non-object
Wed Apr 27 18:43:27 CEST 2022|Trying to get property 'name' of non-object
Wed Apr 27 18:43:28 CEST 2022|Trying to get property 'name' of non-object
Wed Apr 27 18:43:28 CEST 2022|Trying to get property 'name' of non-object
Wed Apr 27 18:51:14 CEST 2022|Trying to get property 'name' of non-object
Wed Apr 27 18:53:39 CEST 2022|Trying to get property 'name' of non-object
Wed Apr 27 18:57:28 CEST 2022|Trying to get property 'name' of non-object
Wed Apr 27 18:57:31 CEST 2022|Trying to get property 'name' of non-object
Wed Apr 27 18:57:32 CEST 2022|Trying to get property 'name' of non-object
Wed Apr 27 18:57:35 CEST 2022|Trying to get property 'name' of non-object
Wed Apr 27 18:57:36 CEST 2022|Trying to get property 'name' of non-object
Wed Apr 27 18:57:42 CEST 2022|Trying to get property 'name' of non-object
Wed Apr 27 19:01:09 CEST 2022|Trying to get property 'name' of non-object
Wed Apr 27 17:01:49 GMT 2022|Trying to get property 'name' of non-object
Wed Apr 27 19:01:50 CEST 2022|Trying to get property 'name' of non-object
Wed Apr 27 19:01:51 CEST 2022|Trying to get property 'name' of non-object
Wed Apr 27 19:01:51 CEST 2022|Trying to get property 'name' of non-object
Wed Apr 27 17:01:52 GMT 2022|Trying to get property 'name' of non-object
Wed Apr 27 17:03:24 GMT 2022|Trying to get property 'name' of non-object
Wed Apr 27 17:03:24 GMT 2022|Trying to get property 'name' of non-object
Wed Apr 27 17:03:25 GMT 2022|Trying to get property 'name' of non-object
Wed Apr 27 19:04:20 CEST 2022|Trying to get property 'name' of non-object
Wed Apr 27 19:04:20 CEST 2022|Trying to get property 'name' of non-object
Wed Apr 27 19:05:15 CEST 2022|Trying to get property 'name' of non-object
Wed Apr 27 19:05:15 CEST 2022|Trying to get property 'name' of non-object
Wed Apr 27 19:05:16 CEST 2022|Trying to get property 'name' of non-object
Wed Apr 27 19:05:16 CEST 2022|Trying to get property 'name' of non-object
Wed Apr 27 19:05:16 CEST 2022|Trying to get property 'name' of non-object
Wed Apr 27 19:10:05 CEST 2022|Trying to get property 'name' of non-object
Wed Apr 27 19:10:11 CEST 2022|Trying to get property 'name' of non-object
Wed Apr 27 19:10:44 CEST 2022|Trying to get property 'name' of non-object
Wed Apr 27 19:10:44 CEST 2022|Trying to get property 'name' of non-object
Wed Apr 27 19:10:49 CEST 2022|Trying to get property 'name' of non-object
Wed Apr 27 19:10:53 CEST 2022|Trying to get property 'name' of non-object
Wed Apr 27 19:11:36 CEST 2022|Trying to get property 'name' of non-object
Wed Apr 27 19:11:36 CEST 2022|Trying to get property 'name' of non-object
Wed Apr 27 19:11:36 CEST 2022|Trying to get property 'name' of non-object
Wed Apr 27 19:11:37 CEST 2022|Trying to get property 'name' of non-object
Wed Apr 27 19:11:37 CEST 2022|Trying to get property 'name' of non-object
Wed Apr 27 19:12:29 CEST 2022|Trying to get property 'name' of non-object
Wed Apr 27 19:12:29 CEST 2022|Trying to get property 'name' of non-object
Wed Apr 27 19:12:30 CEST 2022|Trying to get property 'name' of non-object
Wed Apr 27 19:12:40 CEST 2022|Trying to get property 'name' of non-object
Wed Apr 27 19:13:02 CEST 2022|Trying to get property 'name' of non-object
Wed Apr 27 19:13:14 CEST 2022|Trying to get property 'name' of non-object
Wed Apr 27 19:13:14 CEST 2022|Trying to get property 'name' of non-object
Wed Apr 27 19:13:14 CEST 2022|Trying to get property 'name' of non-object
Wed Apr 27 19:13:15 CEST 2022|Trying to get property 'name' of non-object
Wed Apr 27 19:13:26 CEST 2022|Trying to get property 'name' of non-object
Wed Apr 27 19:13:27 CEST 2022|Trying to get property 'name' of non-object
Wed Apr 27 19:13:27 CEST 2022|Trying to get property 'name' of non-object
Wed Apr 27 19:13:27 CEST 2022|Trying to get property 'name' of non-object
Wed Apr 27 19:13:35 CEST 2022|Trying to get property 'name' of non-object
Wed Apr 27 19:13:50 CEST 2022|Trying to get property 'name' of non-object
Wed Apr 27 19:19:02 CEST 2022|Trying to get property 'name' of non-object
Wed Apr 27 19:19:06 CEST 2022|Trying to get property 'name' of non-object
Wed Apr 27 19:19:23 CEST 2022|Trying to get property 'name' of non-object
Wed Apr 27 19:19:24 CEST 2022|Trying to get property 'name' of non-object
Wed Apr 27 19:19:31 CEST 2022|Trying to get property 'name' of non-object
Wed Apr 27 19:20:32 CEST 2022|Trying to get property 'name' of non-object
Wed Apr 27 19:20:33 CEST 2022|Trying to get property 'name' of non-object
Wed Apr 27 19:20:35 CEST 2022|Trying to get property 'name' of non-object
Wed Apr 27 19:20:48 CEST 2022|Trying to get property 'name' of non-object
Wed Apr 27 19:20:50 CEST 2022|Trying to get property 'name' of non-object
Wed Apr 27 19:21:01 CEST 2022|Trying to get property 'name' of non-object
Wed Apr 27 19:21:18 CEST 2022|Trying to get property 'name' of non-object
Wed Apr 27 19:23:17 CEST 2022|Trying to get property 'name' of non-object
Wed Apr 27 19:23:34 CEST 2022|Trying to get property 'name' of non-object
Wed Apr 27 19:23:36 CEST 2022|Trying to get property 'name' of non-object
Wed Apr 27 19:23:37 CEST 2022|Trying to get property 'name' of non-object
Wed Apr 27 19:23:42 CEST 2022|Trying to get property 'name' of non-object
Wed Apr 27 19:24:16 CEST 2022|Trying to get property 'name' of non-object
Wed Apr 27 19:24:17 CEST 2022|Trying to get property 'name' of non-object
Wed Apr 27 19:24:22 CEST 2022|Trying to get property 'name' of non-object
Wed Apr 27 19:24:24 CEST 2022|Trying to get property 'name' of non-object
Wed Apr 27 19:26:20 CEST 2022|SQLSTATE[42S02]: Base table or view not found: 1146 Table 'shop6002.orders' doesn't exist
Wed Apr 27 19:26:20 CEST 2022|SQLSTATE[42S02]: Base table or view not found: 1146 Table 'shop6002.orders' doesn't exist
Wed Apr 27 19:26:25 CEST 2022|SQLSTATE[42S02]: Base table or view not found: 1146 Table 'shop6002.favourites' doesn't exist
Wed Apr 27 19:26:25 CEST 2022|SQLSTATE[42S02]: Base table or view not found: 1146 Table 'shop6002.favourites' doesn't exist
Wed Apr 27 19:26:26 CEST 2022|SQLSTATE[42S02]: Base table or view not found: 1146 Table 'shop6002.orders' doesn't exist
Wed Apr 27 19:26:26 CEST 2022|SQLSTATE[42S02]: Base table or view not found: 1146 Table 'shop6002.orders' doesn't exist
Wed Apr 27 19:26:30 CEST 2022|SQLSTATE[42S02]: Base table or view not found: 1146 Table 'shop6002.favourites' doesn't exist
Wed Apr 27 19:26:30 CEST 2022|SQLSTATE[42S02]: Base table or view not found: 1146 Table 'shop6002.favourites' doesn't exist
Wed Apr 27 19:26:32 CEST 2022|SQLSTATE[42S02]: Base table or view not found: 1146 Table 'shop6002.orders' doesn't exist
Wed Apr 27 19:26:32 CEST 2022|SQLSTATE[42S02]: Base table or view not found: 1146 Table 'shop6002.orders' doesn't exist
Wed Apr 27 19:26:43 CEST 2022|SQLSTATE[42S02]: Base table or view not found: 1146 Table 'shop6002.orders' doesn't exist
Wed Apr 27 19:26:43 CEST 2022|SQLSTATE[42S02]: Base table or view not found: 1146 Table 'shop6002.orders' doesn't exist
Wed Apr 27 19:26:44 CEST 2022|SQLSTATE[42S02]: Base table or view not found: 1146 Table 'shop6002.orders' doesn't exist
Wed Apr 27 19:26:44 CEST 2022|SQLSTATE[42S02]: Base table or view not found: 1146 Table 'shop6002.orders' doesn't exist
Wed Apr 27 19:26:44 CEST 2022|SQLSTATE[42S02]: Base table or view not found: 1146 Table 'shop6002.orders' doesn't exist
Wed Apr 27 19:26:44 CEST 2022|SQLSTATE[42S02]: Base table or view not found: 1146 Table 'shop6002.orders' doesn't exist
Wed Apr 27 19:26:47 CEST 2022|SQLSTATE[42S02]: Base table or view not found: 1146 Table 'shop6002.orders' doesn't exist
Wed Apr 27 19:26:47 CEST 2022|SQLSTATE[42S02]: Base table or view not found: 1146 Table 'shop6002.orders' doesn't exist
Wed Apr 27 19:28:23 CEST 2022|Trying to get property 'name' of non-object
Wed Apr 27 19:31:56 CEST 2022|Call to undefined function queryOne()
Wed Apr 27 19:31:57 CEST 2022|Call to undefined function queryOne()
Wed Apr 27 19:32:02 CEST 2022|Call to undefined function findname()
Wed Apr 27 19:32:03 CEST 2022|Call to undefined function findname()
Wed Apr 27 19:32:06 CEST 2022|Undefined variable: username
Wed Apr 27 19:32:07 CEST 2022|Undefined variable: username
Wed Apr 27 19:32:07 CEST 2022|Undefined variable: username
Wed Apr 27 19:32:07 CEST 2022|Undefined variable: username
Wed Apr 27 19:32:29 CEST 2022|Call to undefined function queryOne()
Wed Apr 27 19:32:29 CEST 2022|Call to undefined function queryOne()
Wed Apr 27 19:39:09 CEST 2022|Trying to get property 'name' of non-object
Wed Apr 27 20:00:18 CEST 2022|Trying to get property 'name' of non-object
Wed Apr 27 20:01:39 CEST 2022|Trying to get property 'name' of non-object
Wed Apr 27 20:01:42 CEST 2022|Trying to get property 'name' of non-object
Wed Apr 27 20:05:33 CEST 2022|Trying to get property 'name' of non-object
Wed Apr 27 20:05:57 CEST 2022|Trying to get property 'name' of non-object
Wed Apr 27 20:06:07 CEST 2022|Trying to get property 'name' of non-object
Wed Apr 27 20:12:10 CEST 2022|Trying to get property 'name' of non-object
Wed Apr 27 20:12:31 CEST 2022|Trying to get property 'name' of non-object
Wed Apr 27 20:15:48 CEST 2022|Trying to get property 'name' of non-object
Wed Apr 27 20:15:52 CEST 2022|Trying to get property 'name' of non-object
Wed Apr 27 20:15:54 CEST 2022|Trying to get property 'name' of non-object
Wed Apr 27 20:17:30 CEST 2022|Trying to get property 'name' of non-object
Wed Apr 27 20:17:53 CEST 2022|Trying to get property 'name' of non-object
Wed Apr 27 20:18:02 CEST 2022|SQLSTATE[42S02]: Base table or view not found: 1146 Table 'shop6002.address_info' doesn't exist
Wed Apr 27 20:18:02 CEST 2022|SQLSTATE[42S02]: Base table or view not found: 1146 Table 'shop6002.address_info' doesn't exist
Wed Apr 27 20:35:54 CEST 2022|Trying to get property 'name' of non-object
Wed Apr 27 20:36:07 CEST 2022|Trying to get property 'name' of non-object
Wed Apr 27 21:37:27 CEST 2022|Trying to get property 'name' of non-object
Wed Apr 27 21:37:36 CEST 2022|Trying to get property 'name' of non-object
Wed Apr 27 21:38:02 CEST 2022|Trying to get property 'name' of non-object
Wed Apr 27 21:40:03 CEST 2022|Trying to get property 'name' of non-object
Wed Apr 27 21:40:04 CEST 2022|Trying to get property 'name' of non-object
Wed Apr 27 21:40:05 CEST 2022|Trying to get property 'name' of non-object
Wed Apr 27 21:40:06 CEST 2022|Trying to get property 'name' of non-object
Wed Apr 27 21:40:09 CEST 2022|Trying to get property 'name' of non-object
Wed Apr 27 21:40:11 CEST 2022|Trying to get property 'name' of non-object
Wed Apr 27 21:40:20 CEST 2022|Trying to get property 'name' of non-object
Wed Apr 27 21:40:53 CEST 2022|Trying to get property 'name' of non-object
Wed Apr 27 21:41:07 CEST 2022|Trying to get property 'name' of non-object
Wed Apr 27 21:41:18 CEST 2022|Trying to get property 'name' of non-object
Wed Apr 27 21:41:26 CEST 2022|Trying to get property 'name' of non-object
Wed Apr 27 21:42:04 CEST 2022|Trying to get property 'name' of non-object
Wed Apr 27 21:42:31 CEST 2022|Trying to get property 'name' of non-object
Wed Apr 27 21:42:45 CEST 2022|Trying to get property 'name' of non-object
Wed Apr 27 21:43:22 CEST 2022|Trying to get property 'name' of non-object
Wed Apr 27 21:43:36 CEST 2022|Trying to get property 'name' of non-object
Wed Apr 27 21:43:50 CEST 2022|Trying to get property 'name' of non-object
Wed Apr 27 21:44:02 CEST 2022|Trying to get property 'name' of non-object
Wed Apr 27 21:44:02 CEST 2022|Trying to get property 'name' of non-object
Wed Apr 27 21:44:15 CEST 2022|Trying to get property 'name' of non-object
Wed Apr 27 21:44:26 CEST 2022|Trying to get property 'name' of non-object
